<?xml version="1.0" encoding="UTF-8"?>
<!-- Generated by org.testng.reporters.JUnitReportReporter -->
<testsuite hostname="SRK" failures="0" tests="1" name="com.qa.MyRunner.LoginRunner" time="14.960" errors="0" timestamp="25 Apr 2020 07:28:55 GMT" skipped="0">
  <testcase classname="com.qa.MyRunner.LoginRunner" name="feature" time="14.960"/>
</testsuite> <!-- com.qa.MyRunner.LoginRunner -->
